{"uid":"9e2cccc073542369","name":"Validate the login to OrangeHRM","fullName":"Login page feature: Validate the login to OrangeHRM","historyId":"5ef1a77f0896a294cde3f178b0c2a278","time":{"start":1759415852762,"stop":1759415866455,"duration":13693},"status":"failed","statusMessage":"AssertionError: Login is failed\n","statusTrace":"  File \"C:\\Users\\Admin\\AppData\\Roaming\\Python\\Python313\\site-packages\\behave\\model.py\", line 1991, in run\n    match.run(runner.context)\n    ~~~~~~~~~^^^^^^^^^^^^^^^^\n  File \"C:\\Users\\Admin\\AppData\\Roaming\\Python\\Python313\\site-packages\\behave\\matchers.py\", line 105, in run\n    self.func(context, *args, **kwargs)\n    ~~~~~~~~~^^^^^^^^^^^^^^^^^^^^^^^^^^\n  File \"features\\steps\\loginee_step_implementation.py\", line 53, in validate_dashboard_url\n    assert expected_url_portion in actual_url, \"Login is failed\"\n           ^^^^^^^^^^^^^^^^^^^^^^^^^^^^^^^^^^\n","flaky":false,"newFailed":false,"newBroken":false,"newPassed":false,"retriesCount":6,"retriesStatusChange":true,"beforeStages":[],"testStage":{"status":"failed","statusMessage":"AssertionError: Login is failed\n","statusTrace":"  File \"C:\\Users\\Admin\\AppData\\Roaming\\Python\\Python313\\site-packages\\behave\\model.py\", line 1991, in run\n    match.run(runner.context)\n    ~~~~~~~~~^^^^^^^^^^^^^^^^\n  File \"C:\\Users\\Admin\\AppData\\Roaming\\Python\\Python313\\site-packages\\behave\\matchers.py\", line 105, in run\n    self.func(context, *args, **kwargs)\n    ~~~~~~~~~^^^^^^^^^^^^^^^^^^^^^^^^^^\n  File \"features\\steps\\loginee_step_implementation.py\", line 53, in validate_dashboard_url\n    assert expected_url_portion in actual_url, \"Login is failed\"\n           ^^^^^^^^^^^^^^^^^^^^^^^^^^^^^^^^^^\n","steps":[{"name":"Given Chrome browser is launched","time":{"start":1759415852765,"stop":1759415856025,"duration":3260},"status":"passed","steps":[],"attachments":[],"parameters":[],"hasContent":false,"attachmentStep":false,"stepsCount":0,"shouldDisplayMessage":false,"attachmentsCount":0},{"name":"When User navigates to OrangeHRM Login Page","time":{"start":1759415856026,"stop":1759415863986,"duration":7960},"status":"passed","steps":[],"attachments":[],"parameters":[],"hasContent":false,"attachmentStep":false,"stepsCount":0,"shouldDisplayMessage":false,"attachmentsCount":0},{"name":"When User enters Username","time":{"start":1759415863987,"stop":1759415865857,"duration":1870},"status":"passed","steps":[],"attachments":[],"parameters":[],"hasContent":false,"attachmentStep":false,"stepsCount":0,"shouldDisplayMessage":false,"attachmentsCount":0},{"name":"And User enters Password","time":{"start":1759415865857,"stop":1759415866025,"duration":168},"status":"passed","steps":[],"attachments":[],"parameters":[],"hasContent":false,"attachmentStep":false,"stepsCount":0,"shouldDisplayMessage":false,"attachmentsCount":0},{"name":"And User clicks on Login button","time":{"start":1759415866025,"stop":1759415866388,"duration":363},"status":"passed","steps":[],"attachments":[],"parameters":[],"hasContent":false,"attachmentStep":false,"stepsCount":0,"shouldDisplayMessage":false,"attachmentsCount":0},{"name":"Then User should see /dashboard/index in the current page URL","time":{"start":1759415866389,"stop":1759415866451,"duration":62},"status":"failed","statusMessage":"AssertionError: Login is failed\n","statusTrace":"  File \"C:\\Users\\Admin\\AppData\\Roaming\\Python\\Python313\\site-packages\\behave\\model.py\", line 1991, in run\n    match.run(runner.context)\n    ~~~~~~~~~^^^^^^^^^^^^^^^^\n  File \"C:\\Users\\Admin\\AppData\\Roaming\\Python\\Python313\\site-packages\\behave\\matchers.py\", line 105, in run\n    self.func(context, *args, **kwargs)\n    ~~~~~~~~~^^^^^^^^^^^^^^^^^^^^^^^^^^\n  File \"features\\steps\\loginee_step_implementation.py\", line 53, in validate_dashboard_url\n    assert expected_url_portion in actual_url, \"Login is failed\"\n           ^^^^^^^^^^^^^^^^^^^^^^^^^^^^^^^^^^\n","steps":[],"attachments":[],"parameters":[],"hasContent":true,"attachmentStep":false,"stepsCount":0,"shouldDisplayMessage":true,"attachmentsCount":0}],"attachments":[],"parameters":[],"hasContent":true,"attachmentStep":false,"stepsCount":6,"shouldDisplayMessage":false,"attachmentsCount":0},"afterStages":[],"labels":[{"name":"severity","value":"normal"},{"name":"tag","value":"Login"},{"name":"tag","value":"allureTests"},{"name":"tag","value":"tag"},{"name":"feature","value":"Login page feature"},{"name":"framework","value":"behave"},{"name":"language","value":"cpython3"},{"name":"resultFormat","value":"allure2"}],"parameters":[],"links":[],"hidden":false,"retry":false,"extra":{"severity":"normal","retries":[{"uid":"1b1edcf5266c12b0","status":"passed","time":{"start":1759415441931,"stop":1759415462103,"duration":20172}},{"uid":"b192e5861c87d179","status":"failed","statusDetails":"AssertionError: Login is failed\n","time":{"start":1759415184474,"stop":1759415196191,"duration":11717}},{"uid":"70008a3bcce4341c","status":"failed","statusDetails":"AssertionError: Login is failed\n","time":{"start":1759414818459,"stop":1759414838698,"duration":20239}},{"uid":"146359c350594c4c","status":"passed","time":{"start":1759414069451,"stop":1759414099790,"duration":30339}},{"uid":"de44015f3260e1c6","status":"broken","statusDetails":"selenium.common.exceptions.NoSuchElementException: Message: no such element: Unable to locate element: {\"method\":\"css selector\",\"selector\":\"[name=\"username\"]\"}\n  (Session info: chrome=140.0.7339.208); For documentation on this error, please visit: https://www.selenium.dev/documentation/webdriver/troubleshooting/errors#nosuchelementexception\nStacktrace:\n\tGetHandleVerifier [0x0x7ff6c2c41eb5+80197]\n\tGetHandleVerifier [0x0x7ff6c2c41f10+80288]\n\t(No symbol) [0x0x7ff6c29c02fa]\n\t(No symbol) [0x0x7ff6c2a17cd7]\n\t(No symbol) [0x0x7ff6c2a17f9c]\n\t(No symbol) [0x0x7ff6c2a6ba87]\n\t(No symbol) [0x0x7ff6c2a403bf]\n\t(No symbol) [0x0x7ff6c2a687fb]\n\t(No symbol) [0x0x7ff6c2a40153]\n\t(No symbol) [0x0x7ff6c2a08b02]\n\t(No symbol) [0x0x7ff6c2a098d3]\n\tGetHandleVerifier [0x0x7ff6c2efe83d+2949837]\n\tGetHandleVerifier [0x0x7ff6c2ef8c6a+2926330]\n\tGetHandleVerifier [0x0x7ff6c2f186c7+3055959]\n\tGetHandleVerifier [0x0x7ff6c2c5cfee+191102]\n\tGetHandleVerifier [0x0x7ff6c2c650af+224063]\n\tGetHandleVerifier [0x0x7ff6c2c4af64+117236]\n\tGetHandleVerifier [0x0x7ff6c2c4b119+117673]\n\tGetHandleVerifier [0x0x7ff6c2c310a8+11064]\n\tBaseThreadInitThunk [0x0x7ffc52f17374+20]\n\tRtlUserThreadStart [0x0x7ffc5409cc91+33]\n\n","time":{"start":1759392999005,"stop":1759393045497,"duration":46492}},{"uid":"75f6e7f6d453ee31","status":"passed","time":{"start":1759392664561,"stop":1759392679424,"duration":14863}}],"categories":[{"name":"Product defects","matchedStatuses":[]}],"tags":["allureTests","Login","tag"]},"source":"9e2cccc073542369.json","parameterValues":[]}