{"uid":"de44015f3260e1c6","name":"Validate the login to OrangeHRM","fullName":"Login page feature: Validate the login to OrangeHRM","historyId":"5ef1a77f0896a294cde3f178b0c2a278","time":{"start":1759392999005,"stop":1759393045497,"duration":46492},"status":"broken","statusMessage":"selenium.common.exceptions.NoSuchElementException: Message: no such element: Unable to locate element: {\"method\":\"css selector\",\"selector\":\"[name=\"username\"]\"}\n  (Session info: chrome=140.0.7339.208); For documentation on this error, please visit: https://www.selenium.dev/documentation/webdriver/troubleshooting/errors#nosuchelementexception\nStacktrace:\n\tGetHandleVerifier [0x0x7ff6c2c41eb5+80197]\n\tGetHandleVerifier [0x0x7ff6c2c41f10+80288]\n\t(No symbol) [0x0x7ff6c29c02fa]\n\t(No symbol) [0x0x7ff6c2a17cd7]\n\t(No symbol) [0x0x7ff6c2a17f9c]\n\t(No symbol) [0x0x7ff6c2a6ba87]\n\t(No symbol) [0x0x7ff6c2a403bf]\n\t(No symbol) [0x0x7ff6c2a687fb]\n\t(No symbol) [0x0x7ff6c2a40153]\n\t(No symbol) [0x0x7ff6c2a08b02]\n\t(No symbol) [0x0x7ff6c2a098d3]\n\tGetHandleVerifier [0x0x7ff6c2efe83d+2949837]\n\tGetHandleVerifier [0x0x7ff6c2ef8c6a+2926330]\n\tGetHandleVerifier [0x0x7ff6c2f186c7+3055959]\n\tGetHandleVerifier [0x0x7ff6c2c5cfee+191102]\n\tGetHandleVerifier [0x0x7ff6c2c650af+224063]\n\tGetHandleVerifier [0x0x7ff6c2c4af64+117236]\n\tGetHandleVerifier [0x0x7ff6c2c4b119+117673]\n\tGetHandleVerifier [0x0x7ff6c2c310a8+11064]\n\tBaseThreadInitThunk [0x0x7ffc52f17374+20]\n\tRtlUserThreadStart [0x0x7ffc5409cc91+33]\n\n","statusTrace":"  File \"C:\\Users\\Admin\\AppData\\Roaming\\Python\\Python313\\site-packages\\behave\\model.py\", line 1991, in run\n    match.run(runner.context)\n    ~~~~~~~~~^^^^^^^^^^^^^^^^\n  File \"C:\\Users\\Admin\\AppData\\Roaming\\Python\\Python313\\site-packages\\behave\\matchers.py\", line 105, in run\n    self.func(context, *args, **kwargs)\n    ~~~~~~~~~^^^^^^^^^^^^^^^^^^^^^^^^^^\n  File \"features\\steps\\loginee_step_implementation.py\", line 34, in enter_username\n    username_txt_bx = context.driver.find_element(By.NAME, \"username\")\n  File \"C:\\Users\\Admin\\AppData\\Roaming\\Python\\Python313\\site-packages\\selenium\\webdriver\\remote\\webdriver.py\", line 926, in find_element\n    return self.execute(Command.FIND_ELEMENT, {\"using\": by, \"value\": value})[\"value\"]\n           ~~~~~~~~~~~~^^^^^^^^^^^^^^^^^^^^^^^^^^^^^^^^^^^^^^^^^^^^^^^^^^^^^\n  File \"C:\\Users\\Admin\\AppData\\Roaming\\Python\\Python313\\site-packages\\selenium\\webdriver\\remote\\webdriver.py\", line 458, in execute\n    self.error_handler.check_response(response)\n    ~~~~~~~~~~~~~~~~~~~~~~~~~~~~~~~~~^^^^^^^^^^\n  File \"C:\\Users\\Admin\\AppData\\Roaming\\Python\\Python313\\site-packages\\selenium\\webdriver\\remote\\errorhandler.py\", line 232, in check_response\n    raise exception_class(message, screen, stacktrace)\n","flaky":false,"newFailed":false,"newBroken":false,"newPassed":false,"retriesCount":0,"retriesStatusChange":false,"beforeStages":[],"testStage":{"status":"broken","statusMessage":"selenium.common.exceptions.NoSuchElementException: Message: no such element: Unable to locate element: {\"method\":\"css selector\",\"selector\":\"[name=\"username\"]\"}\n  (Session info: chrome=140.0.7339.208); For documentation on this error, please visit: https://www.selenium.dev/documentation/webdriver/troubleshooting/errors#nosuchelementexception\nStacktrace:\n\tGetHandleVerifier [0x0x7ff6c2c41eb5+80197]\n\tGetHandleVerifier [0x0x7ff6c2c41f10+80288]\n\t(No symbol) [0x0x7ff6c29c02fa]\n\t(No symbol) [0x0x7ff6c2a17cd7]\n\t(No symbol) [0x0x7ff6c2a17f9c]\n\t(No symbol) [0x0x7ff6c2a6ba87]\n\t(No symbol) [0x0x7ff6c2a403bf]\n\t(No symbol) [0x0x7ff6c2a687fb]\n\t(No symbol) [0x0x7ff6c2a40153]\n\t(No symbol) [0x0x7ff6c2a08b02]\n\t(No symbol) [0x0x7ff6c2a098d3]\n\tGetHandleVerifier [0x0x7ff6c2efe83d+2949837]\n\tGetHandleVerifier [0x0x7ff6c2ef8c6a+2926330]\n\tGetHandleVerifier [0x0x7ff6c2f186c7+3055959]\n\tGetHandleVerifier [0x0x7ff6c2c5cfee+191102]\n\tGetHandleVerifier [0x0x7ff6c2c650af+224063]\n\tGetHandleVerifier [0x0x7ff6c2c4af64+117236]\n\tGetHandleVerifier [0x0x7ff6c2c4b119+117673]\n\tGetHandleVerifier [0x0x7ff6c2c310a8+11064]\n\tBaseThreadInitThunk [0x0x7ffc52f17374+20]\n\tRtlUserThreadStart [0x0x7ffc5409cc91+33]\n\n","statusTrace":"  File \"C:\\Users\\Admin\\AppData\\Roaming\\Python\\Python313\\site-packages\\behave\\model.py\", line 1991, in run\n    match.run(runner.context)\n    ~~~~~~~~~^^^^^^^^^^^^^^^^\n  File \"C:\\Users\\Admin\\AppData\\Roaming\\Python\\Python313\\site-packages\\behave\\matchers.py\", line 105, in run\n    self.func(context, *args, **kwargs)\n    ~~~~~~~~~^^^^^^^^^^^^^^^^^^^^^^^^^^\n  File \"features\\steps\\loginee_step_implementation.py\", line 34, in enter_username\n    username_txt_bx = context.driver.find_element(By.NAME, \"username\")\n  File \"C:\\Users\\Admin\\AppData\\Roaming\\Python\\Python313\\site-packages\\selenium\\webdriver\\remote\\webdriver.py\", line 926, in find_element\n    return self.execute(Command.FIND_ELEMENT, {\"using\": by, \"value\": value})[\"value\"]\n           ~~~~~~~~~~~~^^^^^^^^^^^^^^^^^^^^^^^^^^^^^^^^^^^^^^^^^^^^^^^^^^^^^\n  File \"C:\\Users\\Admin\\AppData\\Roaming\\Python\\Python313\\site-packages\\selenium\\webdriver\\remote\\webdriver.py\", line 458, in execute\n    self.error_handler.check_response(response)\n    ~~~~~~~~~~~~~~~~~~~~~~~~~~~~~~~~~^^^^^^^^^^\n  File \"C:\\Users\\Admin\\AppData\\Roaming\\Python\\Python313\\site-packages\\selenium\\webdriver\\remote\\errorhandler.py\", line 232, in check_response\n    raise exception_class(message, screen, stacktrace)\n","steps":[{"name":"Given Chrome browser is launched","time":{"start":1759392999009,"stop":1759393009906,"duration":10897},"status":"passed","steps":[],"attachments":[],"parameters":[],"hasContent":false,"attachmentStep":false,"stepsCount":0,"shouldDisplayMessage":false,"attachmentsCount":0},{"name":"When User navigates to OrangeHRM Login Page","time":{"start":1759393009906,"stop":1759393040418,"duration":30512},"status":"passed","steps":[],"attachments":[],"parameters":[],"hasContent":false,"attachmentStep":false,"stepsCount":0,"shouldDisplayMessage":false,"attachmentsCount":0},{"name":"When User enters Username","time":{"start":1759393040419,"stop":1759393045493,"duration":5074},"status":"broken","statusMessage":"selenium.common.exceptions.NoSuchElementException: Message: no such element: Unable to locate element: {\"method\":\"css selector\",\"selector\":\"[name=\"username\"]\"}\n  (Session info: chrome=140.0.7339.208); For documentation on this error, please visit: https://www.selenium.dev/documentation/webdriver/troubleshooting/errors#nosuchelementexception\nStacktrace:\n\tGetHandleVerifier [0x0x7ff6c2c41eb5+80197]\n\tGetHandleVerifier [0x0x7ff6c2c41f10+80288]\n\t(No symbol) [0x0x7ff6c29c02fa]\n\t(No symbol) [0x0x7ff6c2a17cd7]\n\t(No symbol) [0x0x7ff6c2a17f9c]\n\t(No symbol) [0x0x7ff6c2a6ba87]\n\t(No symbol) [0x0x7ff6c2a403bf]\n\t(No symbol) [0x0x7ff6c2a687fb]\n\t(No symbol) [0x0x7ff6c2a40153]\n\t(No symbol) [0x0x7ff6c2a08b02]\n\t(No symbol) [0x0x7ff6c2a098d3]\n\tGetHandleVerifier [0x0x7ff6c2efe83d+2949837]\n\tGetHandleVerifier [0x0x7ff6c2ef8c6a+2926330]\n\tGetHandleVerifier [0x0x7ff6c2f186c7+3055959]\n\tGetHandleVerifier [0x0x7ff6c2c5cfee+191102]\n\tGetHandleVerifier [0x0x7ff6c2c650af+224063]\n\tGetHandleVerifier [0x0x7ff6c2c4af64+117236]\n\tGetHandleVerifier [0x0x7ff6c2c4b119+117673]\n\tGetHandleVerifier [0x0x7ff6c2c310a8+11064]\n\tBaseThreadInitThunk [0x0x7ffc52f17374+20]\n\tRtlUserThreadStart [0x0x7ffc5409cc91+33]\n\n","statusTrace":"  File \"C:\\Users\\Admin\\AppData\\Roaming\\Python\\Python313\\site-packages\\behave\\model.py\", line 1991, in run\n    match.run(runner.context)\n    ~~~~~~~~~^^^^^^^^^^^^^^^^\n  File \"C:\\Users\\Admin\\AppData\\Roaming\\Python\\Python313\\site-packages\\behave\\matchers.py\", line 105, in run\n    self.func(context, *args, **kwargs)\n    ~~~~~~~~~^^^^^^^^^^^^^^^^^^^^^^^^^^\n  File \"features\\steps\\loginee_step_implementation.py\", line 34, in enter_username\n    username_txt_bx = context.driver.find_element(By.NAME, \"username\")\n  File \"C:\\Users\\Admin\\AppData\\Roaming\\Python\\Python313\\site-packages\\selenium\\webdriver\\remote\\webdriver.py\", line 926, in find_element\n    return self.execute(Command.FIND_ELEMENT, {\"using\": by, \"value\": value})[\"value\"]\n           ~~~~~~~~~~~~^^^^^^^^^^^^^^^^^^^^^^^^^^^^^^^^^^^^^^^^^^^^^^^^^^^^^\n  File \"C:\\Users\\Admin\\AppData\\Roaming\\Python\\Python313\\site-packages\\selenium\\webdriver\\remote\\webdriver.py\", line 458, in execute\n    self.error_handler.check_response(response)\n    ~~~~~~~~~~~~~~~~~~~~~~~~~~~~~~~~~^^^^^^^^^^\n  File \"C:\\Users\\Admin\\AppData\\Roaming\\Python\\Python313\\site-packages\\selenium\\webdriver\\remote\\errorhandler.py\", line 232, in check_response\n    raise exception_class(message, screen, stacktrace)\n","steps":[],"attachments":[],"parameters":[],"hasContent":true,"attachmentStep":false,"stepsCount":0,"shouldDisplayMessage":true,"attachmentsCount":0},{"name":"And User enters Password","time":{"start":1759393045497,"stop":1759393045497,"duration":0},"status":"skipped","steps":[],"attachments":[],"parameters":[],"hasContent":false,"attachmentStep":false,"stepsCount":0,"shouldDisplayMessage":false,"attachmentsCount":0},{"name":"And User clicks on Login button","time":{"start":1759393045497,"stop":1759393045497,"duration":0},"status":"skipped","steps":[],"attachments":[],"parameters":[],"hasContent":false,"attachmentStep":false,"stepsCount":0,"shouldDisplayMessage":false,"attachmentsCount":0},{"name":"Then User should see /dashboard/index in the current page URL","time":{"start":1759393045497,"stop":1759393045497,"duration":0},"status":"skipped","steps":[],"attachments":[],"parameters":[],"hasContent":false,"attachmentStep":false,"stepsCount":0,"shouldDisplayMessage":false,"attachmentsCount":0}],"attachments":[],"parameters":[],"hasContent":true,"attachmentStep":false,"stepsCount":6,"shouldDisplayMessage":false,"attachmentsCount":0},"afterStages":[],"labels":[{"name":"severity","value":"normal"},{"name":"tag","value":"Login"},{"name":"tag","value":"tag"},{"name":"feature","value":"Login page feature"},{"name":"framework","value":"behave"},{"name":"language","value":"cpython3"},{"name":"resultFormat","value":"allure2"}],"parameters":[],"links":[],"hidden":true,"retry":true,"extra":{"categories":[],"tags":["Login","tag"]},"source":"de44015f3260e1c6.json","parameterValues":[]}