{"name": "Validate the login page with parameters", "status": "broken", "statusDetails": {"message": "selenium.common.exceptions.NoSuchElementException: Message: no such element: Unable to locate element: {\"method\":\"css selector\",\"selector\":\"[name=\"username\"]\"}\n  (Session info: chrome=140.0.7339.208); For documentation on this error, please visit: https://www.selenium.dev/documentation/webdriver/troubleshooting/errors#nosuchelementexception\nStacktrace:\n\tGetHandleVerifier [0x0x7ff6c2c41eb5+80197]\n\tGetHandleVerifier [0x0x7ff6c2c41f10+80288]\n\t(No symbol) [0x0x7ff6c29c02fa]\n\t(No symbol) [0x0x7ff6c2a17cd7]\n\t(No symbol) [0x0x7ff6c2a17f9c]\n\t(No symbol) [0x0x7ff6c2a6ba87]\n\t(No symbol) [0x0x7ff6c2a403bf]\n\t(No symbol) [0x0x7ff6c2a687fb]\n\t(No symbol) [0x0x7ff6c2a40153]\n\t(No symbol) [0x0x7ff6c2a08b02]\n\t(No symbol) [0x0x7ff6c2a098d3]\n\tGetHandleVerifier [0x0x7ff6c2efe83d+2949837]\n\tGetHandleVerifier [0x0x7ff6c2ef8c6a+2926330]\n\tGetHandleVerifier [0x0x7ff6c2f186c7+3055959]\n\tGetHandleVerifier [0x0x7ff6c2c5cfee+191102]\n\tGetHandleVerifier [0x0x7ff6c2c650af+224063]\n\tGetHandleVerifier [0x0x7ff6c2c4af64+117236]\n\tGetHandleVerifier [0x0x7ff6c2c4b119+117673]\n\tGetHandleVerifier [0x0x7ff6c2c310a8+11064]\n\tBaseThreadInitThunk [0x0x7ffc52f17374+20]\n\tRtlUserThreadStart [0x0x7ffc5409cc91+33]\n\n", "trace": "  File \"C:\\Users\\Admin\\AppData\\Roaming\\Python\\Python313\\site-packages\\behave\\model.py\", line 1991, in run\n    match.run(runner.context)\n    ~~~~~~~~~^^^^^^^^^^^^^^^^\n  File \"C:\\Users\\Admin\\AppData\\Roaming\\Python\\Python313\\site-packages\\behave\\matchers.py\", line 105, in run\n    self.func(context, *args, **kwargs)\n    ~~~~~~~~~^^^^^^^^^^^^^^^^^^^^^^^^^^\n  File \"features\\steps\\loginee_step_implementation.py\", line 57, in enter_username_paramter\n    username_txt_bx = context.driver.find_element(By.NAME, \"username\")\n  File \"C:\\Users\\Admin\\AppData\\Roaming\\Python\\Python313\\site-packages\\selenium\\webdriver\\remote\\webdriver.py\", line 926, in find_element\n    return self.execute(Command.FIND_ELEMENT, {\"using\": by, \"value\": value})[\"value\"]\n           ~~~~~~~~~~~~^^^^^^^^^^^^^^^^^^^^^^^^^^^^^^^^^^^^^^^^^^^^^^^^^^^^^\n  File \"C:\\Users\\Admin\\AppData\\Roaming\\Python\\Python313\\site-packages\\selenium\\webdriver\\remote\\webdriver.py\", line 458, in execute\n    self.error_handler.check_response(response)\n    ~~~~~~~~~~~~~~~~~~~~~~~~~~~~~~~~~^^^^^^^^^^\n  File \"C:\\Users\\Admin\\AppData\\Roaming\\Python\\Python313\\site-packages\\selenium\\webdriver\\remote\\errorhandler.py\", line 232, in check_response\n    raise exception_class(message, screen, stacktrace)\n"}, "steps": [{"name": "Given Chrome browser is launched", "status": "passed", "start": 1759392679431, "stop": 1759392686345}, {"name": "When User navigates to OrangeHRM Login Page", "status": "passed", "start": 1759392686345, "stop": 1759392692179}, {"name": "When User enters username \"Admin\"", "status": "broken", "statusDetails": {"message": "selenium.common.exceptions.NoSuchElementException: Message: no such element: Unable to locate element: {\"method\":\"css selector\",\"selector\":\"[name=\"username\"]\"}\n  (Session info: chrome=140.0.7339.208); For documentation on this error, please visit: https://www.selenium.dev/documentation/webdriver/troubleshooting/errors#nosuchelementexception\nStacktrace:\n\tGetHandleVerifier [0x0x7ff6c2c41eb5+80197]\n\tGetHandleVerifier [0x0x7ff6c2c41f10+80288]\n\t(No symbol) [0x0x7ff6c29c02fa]\n\t(No symbol) [0x0x7ff6c2a17cd7]\n\t(No symbol) [0x0x7ff6c2a17f9c]\n\t(No symbol) [0x0x7ff6c2a6ba87]\n\t(No symbol) [0x0x7ff6c2a403bf]\n\t(No symbol) [0x0x7ff6c2a687fb]\n\t(No symbol) [0x0x7ff6c2a40153]\n\t(No symbol) [0x0x7ff6c2a08b02]\n\t(No symbol) [0x0x7ff6c2a098d3]\n\tGetHandleVerifier [0x0x7ff6c2efe83d+2949837]\n\tGetHandleVerifier [0x0x7ff6c2ef8c6a+2926330]\n\tGetHandleVerifier [0x0x7ff6c2f186c7+3055959]\n\tGetHandleVerifier [0x0x7ff6c2c5cfee+191102]\n\tGetHandleVerifier [0x0x7ff6c2c650af+224063]\n\tGetHandleVerifier [0x0x7ff6c2c4af64+117236]\n\tGetHandleVerifier [0x0x7ff6c2c4b119+117673]\n\tGetHandleVerifier [0x0x7ff6c2c310a8+11064]\n\tBaseThreadInitThunk [0x0x7ffc52f17374+20]\n\tRtlUserThreadStart [0x0x7ffc5409cc91+33]\n\n", "trace": "  File \"C:\\Users\\Admin\\AppData\\Roaming\\Python\\Python313\\site-packages\\behave\\model.py\", line 1991, in run\n    match.run(runner.context)\n    ~~~~~~~~~^^^^^^^^^^^^^^^^\n  File \"C:\\Users\\Admin\\AppData\\Roaming\\Python\\Python313\\site-packages\\behave\\matchers.py\", line 105, in run\n    self.func(context, *args, **kwargs)\n    ~~~~~~~~~^^^^^^^^^^^^^^^^^^^^^^^^^^\n  File \"features\\steps\\loginee_step_implementation.py\", line 57, in enter_username_paramter\n    username_txt_bx = context.driver.find_element(By.NAME, \"username\")\n  File \"C:\\Users\\Admin\\AppData\\Roaming\\Python\\Python313\\site-packages\\selenium\\webdriver\\remote\\webdriver.py\", line 926, in find_element\n    return self.execute(Command.FIND_ELEMENT, {\"using\": by, \"value\": value})[\"value\"]\n           ~~~~~~~~~~~~^^^^^^^^^^^^^^^^^^^^^^^^^^^^^^^^^^^^^^^^^^^^^^^^^^^^^\n  File \"C:\\Users\\Admin\\AppData\\Roaming\\Python\\Python313\\site-packages\\selenium\\webdriver\\remote\\webdriver.py\", line 458, in execute\n    self.error_handler.check_response(response)\n    ~~~~~~~~~~~~~~~~~~~~~~~~~~~~~~~~~^^^^^^^^^^\n  File \"C:\\Users\\Admin\\AppData\\Roaming\\Python\\Python313\\site-packages\\selenium\\webdriver\\remote\\errorhandler.py\", line 232, in check_response\n    raise exception_class(message, screen, stacktrace)\n"}, "start": 1759392692179, "stop": 1759392697212}, {"name": "And User enters password \"admin123\"", "status": "skipped", "start": 1759392697218, "stop": 1759392697219}, {"name": "And User clicks on Login button", "status": "skipped", "start": 1759392697219, "stop": 1759392697219}, {"name": "Then User should see \"/dashboard/index\" in the current page URL", "status": "skipped", "start": 1759392697219, "stop": 1759392697219}], "start": 1759392679430, "stop": 1759392697219, "uuid": "9d2a472d-b047-4fd6-b743-e2104ea06c6b", "historyId": "64605f0bf5d8489e3137549bfb0aa482", "fullName": "Login page feature: Validate the login page with parameters", "labels": [{"name": "severity", "value": "normal"}, {"name": "tag", "value": "LoginandParamters"}, {"name": "tag", "value": "allureTests"}, {"name": "tag", "value": "tag"}, {"name": "feature", "value": "Login page feature"}, {"name": "framework", "value": "behave"}, {"name": "language", "value": "cpython3"}], "titlePath": ["features", "Login page feature"]}